[33m{"level":"warn","message":"Something very Wrong Happend"}[39m
[31m{"level":"error","message":"Something very Wrong Happend","timestamp":"2023-08-16T00:08:56.552Z"}[39m
[33m{"level":"warn","message":"Something very Wrong Happend"}[39m
[31m{"level":"error","message":"Something very very Wrong Happend","timestamp":"2023-08-16T00:10:41.460Z"}[39m
[33m{"level":"warn","message":"Something very Wrong Happend"}[39m
[31m{"level":"error","message":"Something very very Wrong Happend","timestamp":"2023-08-16T00:13:17.370Z"}[39m
[33m{"level":"warn","message":"Something very Wrong Happend"}[39m
[31m{"level":"error","message":"Something very very Wrong Happend","timestamp":"2023-08-16T00:14:14.906Z"}[39m
[33m{"level":"warn","message":"Something very Wrong Happend"}[39m
[31m{"level":"error","message":"Something very very Wrong Happend","timestamp":"2023-08-16T01:44:07.092Z"}[39m
[33m{"level":"warn","message":"Something very Wrong Happend"}[39m
[31m{"level":"error","message":"Something very very Wrong Happend","timestamp":"2023-08-16T01:45:11.886Z"}[39m
[33m{"level":"warn","message":"Something very Wrong Happend"}[39m
[31m{"level":"error","message":"Something very very Wrong Happend","timestamp":"2023-08-16T01:46:14.373Z"}[39m
[33m{"level":"warn","message":"Something very Wrong Happend"}[39m
[31m{"level":"error","message":"Something very very Wrong Happend","timestamp":"2023-08-16T01:46:18.395Z"}[39m
[33m{"level":"warn","message":"Something very Wrong Happend"}[39m
[31m{"level":"error","message":"Something very very Wrong Happend","timestamp":"2023-08-16T01:46:27.852Z"}[39m
[33m{"level":"warn","message":"Something very Wrong Happend"}[39m
[31m{"level":"error","message":"Something very very Wrong Happend","timestamp":"2023-08-16T01:47:12.016Z"}[39m
[33m{"level":"warn","message":"Something very Wrong Happend"}[39m
[31m{"level":"error","message":"Something very very Wrong Happend","timestamp":"2023-08-16T01:47:56.230Z"}[39m
[33m{"level":"warn","message":"Something very Wrong Happend"}[39m
[31m{"level":"error","message":"Something very very Wrong Happend","timestamp":"2023-08-16T01:47:59.556Z"}[39m
[33m{"level":"warn","message":"User not found with email admin@gmail.com"}[39m
[33m{"level":"warn","message":"User not found with email admin@gmail.com"}[39m
[33m{"level":"warn","message":"Invalid password"}[39m
[33m{"level":"warn","message":"User not found with email lapresin@gmail.com"}[39m
[33m{"level":"warn","message":"Empty fields making a product"}[39m
[31m{"level":"error","message":{"error":{"code":3,"name":"Empty fields"},"errorMsg":"Empty fields, please check it"},"timestamp":"2023-09-01T00:07:20.156Z"}[39m
[31m{"level":"error","message":{"error":{"code":3,"name":"Empty fields"},"errorMsg":"Empty fields, please check it"}}[39m
[31m{"level":"error","message":{"error":{},"errorMsg":"Empty fields, please check it"}}[39m
[31m{"level":"error","message":{"error":{},"errorMsg":"Empty fields, please check it"},"timestamp":"2023-09-01T00:07:20.161Z"}[39m
[33m{"level":"warn","message":"Empty fields making a product"}[39m
[31m{"level":"error","message":{"error":{"code":3,"name":"Empty fields"},"errorMsg":"Empty fields, please check it"},"timestamp":"2023-09-01T00:12:25.280Z"}[39m
[31m{"level":"error","message":{"error":{"code":3,"name":"Empty fields"},"errorMsg":"Empty fields, please check it"}}[39m
[31m{"level":"error","message":{"error":{},"errorMsg":"Empty fields, please check it"},"timestamp":"2023-09-01T00:12:25.284Z"}[39m
[31m{"level":"error","message":{"error":{},"errorMsg":"Empty fields, please check it"}}[39m
[33m{"level":"warn","message":"Empty fields making a product"}[39m
[31m{"level":"error","message":{"error":{"code":3,"name":"Empty fields"},"errorMsg":"Empty fields, please check it"},"timestamp":"2023-09-01T00:12:50.965Z"}[39m
[31m{"level":"error","message":{"error":{"code":3,"name":"Empty fields"},"errorMsg":"Empty fields, please check it"}}[39m
[31m{"level":"error","message":{"error":{},"errorMsg":"Empty fields, please check it"}}[39m
[31m{"level":"error","message":{"error":{},"errorMsg":"Empty fields, please check it"},"timestamp":"2023-09-01T00:12:50.967Z"}[39m
[33m{"level":"warn","message":"Empty fields making a product"}[39m
[31m{"level":"error","message":{"error":{"code":3,"name":"Empty fields"},"errorMsg":"Empty fields, please check it"},"timestamp":"2023-09-01T00:18:08.303Z"}[39m
[31m{"level":"error","message":{"error":{"code":3,"name":"Empty fields"},"errorMsg":"Empty fields, please check it"}}[39m
[31m{"level":"error","message":{"error":{},"errorMsg":"Empty fields, please check it"},"timestamp":"2023-09-01T00:18:08.307Z"}[39m
[31m{"level":"error","message":{"error":{},"errorMsg":"Empty fields, please check it"}}[39m
[33m{"level":"warn","message":"Empty fields making a product"}[39m
[31m{"level":"error","message":{"error":{"code":3,"name":"Empty fields"},"errorMsg":"Empty fields, please check it"},"timestamp":"2023-09-01T00:20:05.741Z"}[39m
[31m{"level":"error","message":{"error":{"code":3,"name":"Empty fields"},"errorMsg":"Empty fields, please check it"}}[39m
[31m{"level":"error","message":{"error":{},"errorMsg":"Empty fields, please check it"}}[39m
[31m{"level":"error","message":{"error":{},"errorMsg":"Empty fields, please check it"},"timestamp":"2023-09-01T00:20:05.744Z"}[39m
[33m{"level":"warn","message":"Empty fields making a product"}[39m
[31m{"level":"error","message":{"error":{"code":3,"name":"Empty fields"},"errorMsg":"Empty fields, please check it"},"timestamp":"2023-09-01T00:20:18.859Z"}[39m
[31m{"level":"error","message":{"error":{"code":3,"name":"Empty fields"},"errorMsg":"Empty fields, please check it"}}[39m
[31m{"level":"error","message":{"error":{},"errorMsg":"Empty fields, please check it"}}[39m
[31m{"level":"error","message":{"error":{},"errorMsg":"Empty fields, please check it"},"timestamp":"2023-09-01T00:20:18.860Z"}[39m
[33m{"level":"warn","message":"Empty fields making a product"}[39m
[31m{"level":"error","message":{"error":{"code":3,"name":"Empty fields"},"errorMsg":"Empty fields, please check it"},"timestamp":"2023-09-01T01:26:39.949Z"}[39m
[31m{"level":"error","message":{"error":{"code":3,"name":"Empty fields"},"errorMsg":"Empty fields, please check it"}}[39m
[31m{"level":"error","message":{"error":{},"errorMsg":"Empty fields, please check it"}}[39m
[31m{"level":"error","message":{"error":{},"errorMsg":"Empty fields, please check it"},"timestamp":"2023-09-01T01:26:39.952Z"}[39m
[33m{"level":"warn","message":"Empty fields making a product"}[39m
[31m{"level":"error","message":{"error":{"code":3,"name":"Empty fields"},"errorMsg":"Empty fields, please check it"},"timestamp":"2023-09-01T01:53:48.601Z"}[39m
[31m{"level":"error","message":{"error":{"code":3,"name":"Empty fields"},"errorMsg":"Empty fields, please check it"}}[39m
[31m{"level":"error","message":{"error":{},"errorMsg":"Empty fields, please check it"}}[39m
[31m{"level":"error","message":{"error":{},"errorMsg":"Empty fields, please check it"},"timestamp":"2023-09-01T01:53:48.603Z"}[39m
[33m{"level":"warn","message":"Empty fields making a product"}[39m
[31m{"level":"error","message":{"error":{"code":3,"name":"Empty fields"},"errorMsg":"Empty fields, please check it"},"timestamp":"2023-09-01T01:55:14.547Z"}[39m
[31m{"level":"error","message":{"error":{"code":3,"name":"Empty fields"},"errorMsg":"Empty fields, please check it"}}[39m
[31m{"level":"error","message":{"error":{},"errorMsg":"Empty fields, please check it"}}[39m
[31m{"level":"error","message":{"error":{},"errorMsg":"Empty fields, please check it"},"timestamp":"2023-09-01T01:55:14.549Z"}[39m
[33m{"level":"warn","message":"Empty fields making a product"}[39m
[31m{"level":"error","message":{"error":{"code":3,"name":"Empty fields"},"errorMsg":"Empty fields, please check it"},"timestamp":"2023-09-01T01:57:00.639Z"}[39m
[31m{"level":"error","message":{"error":{"code":3,"name":"Empty fields"},"errorMsg":"Empty fields, please check it"}}[39m
[31m{"level":"error","message":{"error":{},"errorMsg":"Empty fields, please check it"}}[39m
[31m{"level":"error","message":{"error":{},"errorMsg":"Empty fields, please check it"},"timestamp":"2023-09-01T01:57:00.641Z"}[39m
[33m{"level":"warn","message":"Empty fields making a product"}[39m
[31m{"level":"error","message":{"error":{"code":3,"name":"Empty fields"},"errorMsg":"Empty fields, please check it"},"timestamp":"2023-09-01T01:57:13.628Z"}[39m
[31m{"level":"error","message":{"error":{"code":3,"name":"Empty fields"},"errorMsg":"Empty fields, please check it"}}[39m
[31m{"level":"error","message":{"error":{},"errorMsg":"Empty fields, please check it"}}[39m
[31m{"level":"error","message":{"error":{},"errorMsg":"Empty fields, please check it"},"timestamp":"2023-09-01T01:57:13.630Z"}[39m
[33m{"level":"warn","message":"Empty fields making a product"}[39m
[31m{"level":"error","message":{"error":{"code":3,"name":"Empty fields"},"errorMsg":"Empty fields, please check it"},"timestamp":"2023-09-01T01:57:17.460Z"}[39m
[31m{"level":"error","message":{"error":{"code":3,"name":"Empty fields"},"errorMsg":"Empty fields, please check it"}}[39m
[31m{"level":"error","message":{"error":{},"errorMsg":"Empty fields, please check it"}}[39m
[31m{"level":"error","message":{"error":{},"errorMsg":"Empty fields, please check it"},"timestamp":"2023-09-01T01:57:17.462Z"}[39m
[33m{"level":"warn","message":"Empty fields making a product"}[39m
[31m{"level":"error","message":{"error":{"code":3,"name":"Empty fields"},"errorMsg":"Empty fields, please check it"},"timestamp":"2023-09-01T01:57:46.587Z"}[39m
[31m{"level":"error","message":{"error":{"code":3,"name":"Empty fields"},"errorMsg":"Empty fields, please check it"}}[39m
[31m{"level":"error","message":{"error":{},"errorMsg":"Empty fields, please check it"}}[39m
[31m{"level":"error","message":{"error":{},"errorMsg":"Empty fields, please check it"},"timestamp":"2023-09-01T01:57:46.591Z"}[39m
[33m{"level":"warn","message":"Empty fields making a product"}[39m
[31m{"level":"error","message":{"error":{"code":3,"name":"Empty fields"},"errorMsg":"Empty fields, please check it"},"timestamp":"2023-09-01T02:00:12.942Z"}[39m
[31m{"level":"error","message":{"error":{"code":3,"name":"Empty fields"},"errorMsg":"Empty fields, please check it"}}[39m
[31m{"level":"error","message":{"error":{},"errorMsg":"Empty fields, please check it"}}[39m
[31m{"level":"error","message":{"error":{},"errorMsg":"Empty fields, please check it"},"timestamp":"2023-09-01T02:00:12.946Z"}[39m
[33m{"level":"warn","message":"Empty fields making a product"}[39m
[31m{"level":"error","message":{"error":{"code":3,"name":"Empty fields"},"errorMsg":"Empty fields, please check it"},"timestamp":"2023-09-01T02:00:27.284Z"}[39m
[31m{"level":"error","message":{"error":{"code":3,"name":"Empty fields"},"errorMsg":"Empty fields, please check it"}}[39m
[31m{"level":"error","message":{"error":{},"errorMsg":"Empty fields, please check it"}}[39m
[31m{"level":"error","message":{"error":{},"errorMsg":"Empty fields, please check it"},"timestamp":"2023-09-01T02:00:27.287Z"}[39m
[33m{"level":"warn","message":"Empty fields making a product"}[39m
[31m{"level":"error","message":{"error":{"code":3,"name":"Empty fields"},"errorMsg":"Empty fields, please check it"},"timestamp":"2023-09-01T02:01:13.445Z"}[39m
[31m{"level":"error","message":{"error":{"code":3,"name":"Empty fields"},"errorMsg":"Empty fields, please check it"}}[39m
[31m{"level":"error","message":{"error":{},"errorMsg":"Empty fields, please check it"}}[39m
[31m{"level":"error","message":{"error":{},"errorMsg":"Empty fields, please check it"},"timestamp":"2023-09-01T02:01:13.447Z"}[39m
[33m{"level":"warn","message":"Empty fields making a product"}[39m
[31m{"level":"error","message":{"error":{"code":3,"name":"Empty fields"},"errorMsg":"Empty fields, please check it"},"timestamp":"2023-09-01T02:03:11.095Z"}[39m
[31m{"level":"error","message":{"error":{"code":3,"name":"Empty fields"},"errorMsg":"Empty fields, please check it"}}[39m
[31m{"level":"error","message":{"error":{},"errorMsg":"Empty fields, please check it"}}[39m
[31m{"level":"error","message":{"error":{},"errorMsg":"Empty fields, please check it"},"timestamp":"2023-09-01T02:03:11.097Z"}[39m
[33m{"level":"warn","message":"Empty fields making a product"}[39m
[31m{"level":"error","message":{"error":{"code":3,"name":"Empty fields"},"errorMsg":"Empty fields, please check it"},"timestamp":"2023-09-01T02:04:20.583Z"}[39m
[31m{"level":"error","message":{"error":{"code":3,"name":"Empty fields"},"errorMsg":"Empty fields, please check it"}}[39m
[31m{"level":"error","message":{"error":{},"errorMsg":"Empty fields, please check it"}}[39m
[31m{"level":"error","message":{"error":{},"errorMsg":"Empty fields, please check it"},"timestamp":"2023-09-01T02:04:20.584Z"}[39m
[33m{"level":"warn","message":"Empty fields making a product"}[39m
[31m{"level":"error","message":{"error":{"code":3,"name":"Empty fields"},"errorMsg":"Empty fields, please check it"},"timestamp":"2023-09-01T02:04:32.029Z"}[39m
[31m{"level":"error","message":{"error":{"code":3,"name":"Empty fields"},"errorMsg":"Empty fields, please check it"}}[39m
[31m{"level":"error","message":{"error":{},"errorMsg":"Empty fields, please check it"}}[39m
[31m{"level":"error","message":{"error":{},"errorMsg":"Empty fields, please check it"},"timestamp":"2023-09-01T02:04:32.030Z"}[39m
[33m{"level":"warn","message":"Empty fields making a product"}[39m
[31m{"level":"error","message":{"error":{"code":3,"name":"Empty fields"},"errorMsg":"Empty fields, please check it"},"timestamp":"2023-09-04T22:33:22.871Z"}[39m
[31m{"level":"error","message":{"error":{"code":3,"name":"Empty fields"},"errorMsg":"Empty fields, please check it"}}[39m
[31m{"level":"error","message":{"error":{},"errorMsg":"Empty fields, please check it"}}[39m
[31m{"level":"error","message":{"error":{},"errorMsg":"Empty fields, please check it"},"timestamp":"2023-09-04T22:33:22.874Z"}[39m
[33m{"level":"warn","message":"That product doesnt exist"}[39m
[33m{"level":"warn","message":"Empty fields making a product"}[39m
[31m{"level":"error","message":{"error":{"code":3,"name":"Empty fields"},"errorMsg":"Empty fields, please check it"},"timestamp":"2023-09-04T22:36:00.652Z"}[39m
[31m{"level":"error","message":{"error":{"code":3,"name":"Empty fields"},"errorMsg":"Empty fields, please check it"}}[39m
[31m{"level":"error","message":{"error":{},"errorMsg":"Empty fields, please check it"}}[39m
[31m{"level":"error","message":{"error":{},"errorMsg":"Empty fields, please check it"},"timestamp":"2023-09-04T22:36:00.653Z"}[39m
[33m{"level":"warn","message":"Empty fields making a product"}[39m
[31m{"level":"error","message":{"error":{"code":3,"name":"Empty fields"},"errorMsg":"Empty fields, please check it"},"timestamp":"2023-09-04T22:37:14.758Z"}[39m
[31m{"level":"error","message":{"error":{"code":3,"name":"Empty fields"},"errorMsg":"Empty fields, please check it"}}[39m
[31m{"level":"error","message":{"error":{},"errorMsg":"Empty fields, please check it"}}[39m
[31m{"level":"error","message":{"error":{},"errorMsg":"Empty fields, please check it"},"timestamp":"2023-09-04T22:37:14.760Z"}[39m
[33m{"level":"warn","message":"Empty fields making a product"}[39m
[31m{"level":"error","message":{"error":{"code":3,"name":"Empty fields"},"errorMsg":"Empty fields, please check it"},"timestamp":"2023-09-04T22:41:21.019Z"}[39m
[31m{"level":"error","message":{"error":{"code":3,"name":"Empty fields"},"errorMsg":"Empty fields, please check it"}}[39m
[31m{"level":"error","message":{"error":{},"errorMsg":"Empty fields, please check it"}}[39m
[31m{"level":"error","message":{"error":{},"errorMsg":"Empty fields, please check it"},"timestamp":"2023-09-04T22:41:21.022Z"}[39m
[33m{"level":"warn","message":"Empty fields making a product"}[39m
[31m{"level":"error","message":{"error":{"code":3,"name":"Empty fields"},"errorMsg":"Empty fields, please check it"},"timestamp":"2023-09-04T22:55:32.024Z"}[39m
[31m{"level":"error","message":{"error":{"code":3,"name":"Empty fields"},"errorMsg":"Empty fields, please check it"}}[39m
[31m{"level":"error","message":{"error":{},"errorMsg":"Empty fields, please check it"},"timestamp":"2023-09-04T22:55:32.027Z"}[39m
[31m{"level":"error","message":{"error":{},"errorMsg":"Empty fields, please check it"}}[39m
[33m{"level":"warn","message":"Empty fields making a product"}[39m
[31m{"level":"error","message":{"error":{"code":3,"name":"Empty fields"},"errorMsg":"Empty fields, please check it"},"timestamp":"2023-09-04T22:55:49.347Z"}[39m
[31m{"level":"error","message":{"error":{"code":3,"name":"Empty fields"},"errorMsg":"Empty fields, please check it"}}[39m
[31m{"level":"error","message":{"error":{},"errorMsg":"Empty fields, please check it"}}[39m
[31m{"level":"error","message":{"error":{},"errorMsg":"Empty fields, please check it"},"timestamp":"2023-09-04T22:55:49.350Z"}[39m
[31m{"level":"error","message":{"error":{"code":11000,"index":0,"keyPattern":{"code":1},"keyValue":{"code":"asdasd1d1d1d1"}},"errorMsg":"E11000 duplicate key error collection: ecommerce.products index: code_1 dup key: { code: \"asdasd1d1d1d1\" }"}}[39m
[31m{"level":"error","message":{"error":{"code":11000,"index":0,"keyPattern":{"code":1},"keyValue":{"code":"asdasd1d1d1d1"}},"errorMsg":"E11000 duplicate key error collection: ecommerce.products index: code_1 dup key: { code: \"asdasd1d1d1d1\" }"},"timestamp":"2023-09-04T22:58:39.080Z"}[39m
[33m{"level":"warn","message":"Cast to ObjectId failed for value \"asdasdasd\" (type string) at path \"_id\" for model \"carts\"","name":"CastError"}[39m
[33m{"level":"warn","message":"Cast to ObjectId failed for value \"asdasdasd\" (type string) at path \"_id\" for model \"carts\"","name":"CastError"}[39m
[33m{"level":"warn","message":"Cast to ObjectId failed for value \"asdasdasd\" (type string) at path \"_id\" for model \"carts\"","name":"CastError"}[39m
[33m{"level":"warn","message":"No stock on product Pantalón de Vestir"}[39m
[31m{"level":"error","message":{"error":{},"errorMsg":"No stock on product Pantalón de Vestir"},"timestamp":"2023-09-04T23:28:42.165Z"}[39m
[31m{"level":"error","message":{"error":{},"errorMsg":"No stock on product Pantalón de Vestir"}}[39m
[31m{"level":"error"}[39m
[31m{"level":"error","timestamp":"2023-09-04T23:28:42.166Z"}[39m
[33m{"level":"warn","message":"Cast to ObjectId failed for value \"asdasdasd\" (type string) at path \"_id\" for model \"carts\"","name":"CastError"}[39m
[33m{"level":"warn","message":"No stock on product Pantalón de Vestir"}[39m
[31m{"level":"error","message":{"error":{},"errorMsg":"No stock on product Pantalón de Vestir"},"timestamp":"2023-09-04T23:29:12.322Z"}[39m
[31m{"level":"error","message":{"error":{},"errorMsg":"No stock on product Pantalón de Vestir"}}[39m
[31m{"level":"error"}[39m
[31m{"level":"error","timestamp":"2023-09-04T23:29:12.323Z"}[39m
[33m{"level":"warn","message":"Cast to ObjectId failed for value \"asdasdasd\" (type string) at path \"_id\" for model \"carts\"","name":"CastError"}[39m
[33m{"level":"warn","message":"Empty fields making a product"}[39m
[31m{"level":"error","message":{"error":{"code":3,"name":"Empty fields"},"errorMsg":"Empty fields, please check it"},"timestamp":"2023-09-04T23:29:35.512Z"}[39m
[33m{"level":"warn","message":"Empty fields making a product"}[39m
[31m{"level":"error","message":{"error":{"code":3,"name":"Empty fields"},"errorMsg":"Empty fields, please check it"},"timestamp":"2023-09-04T23:31:24.228Z"}[39m
[33m{"level":"warn","message":"Empty fields making a product"}[39m
[31m{"level":"error","message":{"error":{"code":3,"name":"Empty fields"},"errorMsg":"Empty fields, please check it"},"timestamp":"2023-09-04T23:34:07.572Z"}[39m
[33m{"level":"warn","message":"Empty fields making a product"}[39m
[31m{"level":"error","message":{"error":{"code":3,"name":"Empty fields"},"errorMsg":"Empty fields, please check it"},"timestamp":"2023-09-05T00:24:11.848Z"}[39m
[33m{"level":"warn","message":"Empty fields making a product"}[39m
[31m{"level":"error","message":{"error":{"code":3,"name":"Empty fields"},"errorMsg":"Empty fields, please check it"},"timestamp":"2023-09-05T00:26:34.054Z"}[39m
[33m{"level":"warn","message":"Empty fields making a product"}[39m
[31m{"level":"error","message":{"error":{"code":3,"name":"Empty fields"},"errorMsg":"Empty fields, please check it"},"timestamp":"2023-09-05T00:27:03.413Z"}[39m
[33m{"level":"warn","message":"Empty fields making a product"}[39m
[31m{"level":"error","message":{"error":{"code":3,"name":"Empty fields"},"errorMsg":"Empty fields, please check it"},"timestamp":"2023-09-05T00:28:33.675Z"}[39m
[33m{"level":"warn","message":"Empty fields making a product"}[39m
[31m{"level":"error","message":{"error":{"code":3,"name":"Empty fields"},"errorMsg":"Empty fields, please check it"},"timestamp":"2023-09-05T00:28:54.003Z"}[39m
[31m{"level":"error","message":{"error":{},"errorMsg":"ProductMethods.getProductByOwner is not a function"}}[39m
[31m{"level":"error","message":{"error":{},"errorMsg":"ProductMethods.getProductByOwner is not a function"},"timestamp":"2023-09-05T00:50:47.216Z"}[39m
[31m{"level":"error","message":{"error":{},"errorMsg":"ProductMethods.getProductByEmail is not a function"}}[39m
[31m{"level":"error","message":{"error":{},"errorMsg":"ProductMethods.getProductByEmail is not a function"},"timestamp":"2023-09-05T00:51:14.990Z"}[39m
[31m{"level":"error","message":{"error":{},"errorMsg":"ProductMethods.getProductsByEmail is not a function"}}[39m
[31m{"level":"error","message":{"error":{},"errorMsg":"ProductMethods.getProductsByEmail is not a function"},"timestamp":"2023-09-05T00:51:25.842Z"}[39m
[33m{"level":"warn","message":"Cast to ObjectId failed for value \"asd\" (type string) at path \"_id\" for model \"carts\"","name":"CastError"}[39m
[31m{"code":1,"level":"error","name":"That cart doesnt exist","timestamp":"2023-09-17T18:35:10.311Z"}[39m
[31m{"code":1,"level":"error","name":"That cart doesnt exist"}[39m
[31m{"level":"error","message":{"error":{},"errorMsg":"Cannot read properties of null (reading 'products')"}}[39m
[31m{"level":"error","message":{"error":{},"errorMsg":"Cannot read properties of null (reading 'products')"},"timestamp":"2023-09-17T18:35:27.261Z"}[39m
[31m{"level":"error"}[39m
[31m{"level":"error","timestamp":"2023-09-17T18:35:27.262Z"}[39m
[33m{"level":"warn","message":"That product doesnt exist"}[39m
[31m{"level":"error","message":{"error":{"kind":"ObjectId","message":"Cast to ObjectId failed for value \"your_valid_product_id\" (type string) at path \"_id\" for model \"products\"","name":"CastError","path":"_id","reason":{},"stringValue":"\"your_valid_product_id\"","value":"your_valid_product_id","valueType":"string"},"errorMsg":"Cast to ObjectId failed for value \"your_valid_product_id\" (type string) at path \"_id\" for model \"products\""}}[39m
[31m{"level":"error","message":{"error":{"kind":"ObjectId","message":"Cast to ObjectId failed for value \"your_valid_product_id\" (type string) at path \"_id\" for model \"products\"","name":"CastError","path":"_id","reason":{},"stringValue":"\"your_valid_product_id\"","value":"your_valid_product_id","valueType":"string"},"errorMsg":"Cast to ObjectId failed for value \"your_valid_product_id\" (type string) at path \"_id\" for model \"products\""},"timestamp":"2023-09-17T19:21:36.622Z"}[39m
[33m{"level":"warn","message":"That product doesnt exist"}[39m
[31m{"level":"error","message":{"error":{"code":11000,"index":0,"keyPattern":{"title":1},"keyValue":{"title":"New Product"}},"errorMsg":"E11000 duplicate key error collection: ecommerce.products index: title_1 dup key: { title: \"New Product\" }"}}[39m
[31m{"level":"error","message":{"error":{"code":11000,"index":0,"keyPattern":{"title":1},"keyValue":{"title":"New Product"}},"errorMsg":"E11000 duplicate key error collection: ecommerce.products index: title_1 dup key: { title: \"New Product\" }"},"timestamp":"2023-09-17T19:27:57.988Z"}[39m
[31m{"level":"error","message":{"error":{"code":11000,"index":0,"keyPattern":{"title":1},"keyValue":{"title":"New Product"}},"errorMsg":"E11000 duplicate key error collection: ecommerce.products index: title_1 dup key: { title: \"New Product\" }"}}[39m
[31m{"level":"error","message":{"error":{"code":11000,"index":0,"keyPattern":{"title":1},"keyValue":{"title":"New Product"}},"errorMsg":"E11000 duplicate key error collection: ecommerce.products index: title_1 dup key: { title: \"New Product\" }"},"timestamp":"2023-09-17T19:29:39.063Z"}[39m
[31m{"level":"error","message":{"error":{"code":11000,"index":0,"keyPattern":{"title":1},"keyValue":{"title":"New Product"}},"errorMsg":"E11000 duplicate key error collection: ecommerce.products index: title_1 dup key: { title: \"New Product\" }"}}[39m
[31m{"level":"error","message":{"error":{"code":11000,"index":0,"keyPattern":{"title":1},"keyValue":{"title":"New Product"}},"errorMsg":"E11000 duplicate key error collection: ecommerce.products index: title_1 dup key: { title: \"New Product\" }"},"timestamp":"2023-09-17T19:43:11.017Z"}[39m
[33m{"level":"warn","message":"Empty fields making a product"}[39m
[31m{"level":"error","message":{"error":{"code":3,"name":"Empty fields"},"errorMsg":"Empty fields, please check it"},"timestamp":"2023-09-17T19:43:11.077Z"}[39m
[31m{"level":"error","message":{"error":{"code":11000,"index":0,"keyPattern":{"title":1},"keyValue":{"title":"New Product"}},"errorMsg":"E11000 duplicate key error collection: ecommerce.products index: title_1 dup key: { title: \"New Product\" }"}}[39m
[31m{"level":"error","message":{"error":{"code":11000,"index":0,"keyPattern":{"title":1},"keyValue":{"title":"New Product"}},"errorMsg":"E11000 duplicate key error collection: ecommerce.products index: title_1 dup key: { title: \"New Product\" }"},"timestamp":"2023-09-17T19:50:37.201Z"}[39m
[33m{"level":"warn","message":"Empty fields making a product"}[39m
[31m{"level":"error","message":{"error":{"code":3,"name":"Empty fields"},"errorMsg":"Empty fields, please check it"},"timestamp":"2023-09-17T19:50:37.261Z"}[39m
[31m{"level":"error","message":{"error":{"code":11000,"index":0,"keyPattern":{"title":1},"keyValue":{"title":"New Product"}},"errorMsg":"E11000 duplicate key error collection: ecommerce.products index: title_1 dup key: { title: \"New Product\" }"}}[39m
[31m{"level":"error","message":{"error":{"code":11000,"index":0,"keyPattern":{"title":1},"keyValue":{"title":"New Product"}},"errorMsg":"E11000 duplicate key error collection: ecommerce.products index: title_1 dup key: { title: \"New Product\" }"},"timestamp":"2023-09-17T19:51:01.770Z"}[39m
[33m{"level":"warn","message":"Empty fields making a product"}[39m
[31m{"level":"error","message":{"error":{"code":3,"name":"Empty fields"},"errorMsg":"Empty fields, please check it"},"timestamp":"2023-09-17T19:51:01.829Z"}[39m
[31m{"level":"error","message":{"error":{"code":11000,"index":0,"keyPattern":{"title":1},"keyValue":{"title":"New Product"}},"errorMsg":"E11000 duplicate key error collection: ecommerce.products index: title_1 dup key: { title: \"New Product\" }"}}[39m
[31m{"level":"error","message":{"error":{"code":11000,"index":0,"keyPattern":{"title":1},"keyValue":{"title":"New Product"}},"errorMsg":"E11000 duplicate key error collection: ecommerce.products index: title_1 dup key: { title: \"New Product\" }"},"timestamp":"2023-09-17T19:52:22.931Z"}[39m
[33m{"level":"warn","message":"Empty fields making a product"}[39m
[31m{"level":"error","message":{"error":{"code":3,"name":"Empty fields"},"errorMsg":"Empty fields, please check it"},"timestamp":"2023-09-17T19:52:23.000Z"}[39m
[31m{"level":"error","message":"Error in register"}[39m
[31m{"level":"error","message":"Error in register","timestamp":"2023-09-17T20:15:09.955Z"}[39m
[31m{"_message":"users validation failed","errors":{"firstName":{"kind":"required","message":"Path `firstName` is required.","name":"ValidatorError","path":"firstName","properties":{"message":"Path `firstName` is required.","path":"firstName","type":"required"}},"lastName":{"kind":"required","message":"Path `lastName` is required.","name":"ValidatorError","path":"lastName","properties":{"message":"Path `lastName` is required.","path":"lastName","type":"required"}}},"level":"error","message":"users validation failed: firstName: Path `firstName` is required., lastName: Path `lastName` is required.","name":"ValidationError"}[39m
[31m{"_message":"users validation failed","errors":{"firstName":{"kind":"required","message":"Path `firstName` is required.","name":"ValidatorError","path":"firstName","properties":{"message":"Path `firstName` is required.","path":"firstName","type":"required"}},"lastName":{"kind":"required","message":"Path `lastName` is required.","name":"ValidatorError","path":"lastName","properties":{"message":"Path `lastName` is required.","path":"lastName","type":"required"}}},"level":"error","timestamp":"2023-09-17T20:15:09.957Z"}[39m
[33m{"level":"warn","message":"User not found with email Gertrude18@gmail.com"}[39m
[31m{"level":"error","message":"Error in register"}[39m
[31m{"level":"error","message":"Error in register","timestamp":"2023-09-17T20:18:05.883Z"}[39m
[31m{"_message":"users validation failed","errors":{"firstName":{"kind":"required","message":"Path `firstName` is required.","name":"ValidatorError","path":"firstName","properties":{"message":"Path `firstName` is required.","path":"firstName","type":"required"}},"lastName":{"kind":"required","message":"Path `lastName` is required.","name":"ValidatorError","path":"lastName","properties":{"message":"Path `lastName` is required.","path":"lastName","type":"required"}}},"level":"error","message":"users validation failed: firstName: Path `firstName` is required., lastName: Path `lastName` is required.","name":"ValidationError"}[39m
[31m{"_message":"users validation failed","errors":{"firstName":{"kind":"required","message":"Path `firstName` is required.","name":"ValidatorError","path":"firstName","properties":{"message":"Path `firstName` is required.","path":"firstName","type":"required"}},"lastName":{"kind":"required","message":"Path `lastName` is required.","name":"ValidatorError","path":"lastName","properties":{"message":"Path `lastName` is required.","path":"lastName","type":"required"}}},"level":"error","timestamp":"2023-09-17T20:18:05.885Z"}[39m
[33m{"level":"warn","message":"User not found with email Shanie.Hoeger66@yahoo.com"}[39m
[31m{"level":"error","message":"Error in register"}[39m
[31m{"level":"error","message":"Error in register","timestamp":"2023-09-17T20:24:24.803Z"}[39m
[31m{"_message":"users validation failed","errors":{"firstName":{"kind":"required","message":"Path `firstName` is required.","name":"ValidatorError","path":"firstName","properties":{"message":"Path `firstName` is required.","path":"firstName","type":"required"}},"lastName":{"kind":"required","message":"Path `lastName` is required.","name":"ValidatorError","path":"lastName","properties":{"message":"Path `lastName` is required.","path":"lastName","type":"required"}}},"level":"error","message":"users validation failed: firstName: Path `firstName` is required., lastName: Path `lastName` is required.","name":"ValidationError"}[39m
[31m{"_message":"users validation failed","errors":{"firstName":{"kind":"required","message":"Path `firstName` is required.","name":"ValidatorError","path":"firstName","properties":{"message":"Path `firstName` is required.","path":"firstName","type":"required"}},"lastName":{"kind":"required","message":"Path `lastName` is required.","name":"ValidatorError","path":"lastName","properties":{"message":"Path `lastName` is required.","path":"lastName","type":"required"}}},"level":"error","timestamp":"2023-09-17T20:24:24.806Z"}[39m
[33m{"level":"warn","message":"User not found with email Ron80@hotmail.com"}[39m
[33m{"level":"warn","message":"User not found with email Ron80@hotmail.com"}[39m
[31m{"level":"error","message":"Error in register"}[39m
[31m{"level":"error","message":"Error in register","timestamp":"2023-09-17T20:28:54.458Z"}[39m
[31m{"_message":"users validation failed","errors":{"firstName":{"kind":"required","message":"Path `firstName` is required.","name":"ValidatorError","path":"firstName","properties":{"message":"Path `firstName` is required.","path":"firstName","type":"required"}},"lastName":{"kind":"required","message":"Path `lastName` is required.","name":"ValidatorError","path":"lastName","properties":{"message":"Path `lastName` is required.","path":"lastName","type":"required"}}},"level":"error","timestamp":"2023-09-17T20:28:54.461Z"}[39m
[31m{"_message":"users validation failed","errors":{"firstName":{"kind":"required","message":"Path `firstName` is required.","name":"ValidatorError","path":"firstName","properties":{"message":"Path `firstName` is required.","path":"firstName","type":"required"}},"lastName":{"kind":"required","message":"Path `lastName` is required.","name":"ValidatorError","path":"lastName","properties":{"message":"Path `lastName` is required.","path":"lastName","type":"required"}}},"level":"error","message":"users validation failed: firstName: Path `firstName` is required., lastName: Path `lastName` is required.","name":"ValidationError"}[39m
[33m{"level":"warn","message":"User not found with email Elvera.Nikolaus-Prosacco@yahoo.com"}[39m
[33m{"level":"warn","message":"User not found with email Elvera.Nikolaus-Prosacco@yahoo.com"}[39m
[31m{"level":"error","message":"Error in register"}[39m
[31m{"level":"error","message":"Error in register","timestamp":"2023-09-17T20:33:28.057Z"}[39m
[31m{"_message":"users validation failed","errors":{"firstName":{"kind":"required","message":"Path `firstName` is required.","name":"ValidatorError","path":"firstName","properties":{"message":"Path `firstName` is required.","path":"firstName","type":"required"}},"lastName":{"kind":"required","message":"Path `lastName` is required.","name":"ValidatorError","path":"lastName","properties":{"message":"Path `lastName` is required.","path":"lastName","type":"required"}}},"level":"error","message":"users validation failed: firstName: Path `firstName` is required., lastName: Path `lastName` is required.","name":"ValidationError"}[39m
[31m{"_message":"users validation failed","errors":{"firstName":{"kind":"required","message":"Path `firstName` is required.","name":"ValidatorError","path":"firstName","properties":{"message":"Path `firstName` is required.","path":"firstName","type":"required"}},"lastName":{"kind":"required","message":"Path `lastName` is required.","name":"ValidatorError","path":"lastName","properties":{"message":"Path `lastName` is required.","path":"lastName","type":"required"}}},"level":"error","timestamp":"2023-09-17T20:33:28.060Z"}[39m
[33m{"level":"warn","message":"User not found with email Isaiah_Luettgen81@hotmail.com"}[39m
[31m{"level":"error","message":"Error in register"}[39m
[31m{"level":"error","message":"Error in register","timestamp":"2023-09-17T20:35:57.945Z"}[39m
[31m{"_message":"users validation failed","errors":{"firstName":{"kind":"required","message":"Path `firstName` is required.","name":"ValidatorError","path":"firstName","properties":{"message":"Path `firstName` is required.","path":"firstName","type":"required"}},"lastName":{"kind":"required","message":"Path `lastName` is required.","name":"ValidatorError","path":"lastName","properties":{"message":"Path `lastName` is required.","path":"lastName","type":"required"}}},"level":"error","message":"users validation failed: firstName: Path `firstName` is required., lastName: Path `lastName` is required.","name":"ValidationError"}[39m
[31m{"_message":"users validation failed","errors":{"firstName":{"kind":"required","message":"Path `firstName` is required.","name":"ValidatorError","path":"firstName","properties":{"message":"Path `firstName` is required.","path":"firstName","type":"required"}},"lastName":{"kind":"required","message":"Path `lastName` is required.","name":"ValidatorError","path":"lastName","properties":{"message":"Path `lastName` is required.","path":"lastName","type":"required"}}},"level":"error","timestamp":"2023-09-17T20:35:57.949Z"}[39m
[33m{"level":"warn","message":"User not found with email Shaina_Hettinger99@yahoo.com"}[39m
[31m{"level":"error","message":{"error":{"code":11000,"index":0,"keyPattern":{"title":1},"keyValue":{"title":"New Product"}},"errorMsg":"E11000 duplicate key error collection: ecommerce.products index: title_1 dup key: { title: \"New Product\" }"}}[39m
[31m{"level":"error","message":{"error":{"code":11000,"index":0,"keyPattern":{"title":1},"keyValue":{"title":"New Product"}},"errorMsg":"E11000 duplicate key error collection: ecommerce.products index: title_1 dup key: { title: \"New Product\" }"},"timestamp":"2023-09-17T21:00:04.744Z"}[39m
[33m{"level":"warn","message":"Empty fields making a product"}[39m
[31m{"level":"error","message":{"error":{"code":3,"name":"Empty fields"},"errorMsg":"Empty fields, please check it"},"timestamp":"2023-09-17T21:00:04.810Z"}[39m
[33m{"level":"warn","message":"User not found with email lapro@gmail.com"}[39m
[31m{"level":"error","message":{"error":{},"errorMsg":"user is not defined"}}[39m
[31m{"level":"error","message":{"error":{},"errorMsg":"user is not defined"},"timestamp":"2023-09-24T17:38:59.729Z"}[39m
[33m{"level":"warn","message":"User already exists"}[39m
[31m{"level":"error","message":{"error":{"_message":"recover-codes validation failed","errors":{"code":{"kind":"string","message":"Cast to string failed for value \"{\n  code: '$2b$10$I7T/9csl/1.aVTFZVj5Ai.HH0Ksu4M1YqJXQZ/Ie9CnXJ9f.iVXlS',\n  expire: 1697387679339,\n  email: 'joacolaprovitera@gmail.com'\n}\" (type Object) at path \"code\"","name":"CastError","path":"code","reason":null,"stringValue":"\"{\n  code: '$2b$10$I7T/9csl/1.aVTFZVj5Ai.HH0Ksu4M1YqJXQZ/Ie9CnXJ9f.iVXlS',\n  expire: 1697387679339,\n  email: 'joacolaprovitera@gmail.com'\n}\"","value":{"code":"$2b$10$I7T/9csl/1.aVTFZVj5Ai.HH0Ksu4M1YqJXQZ/Ie9CnXJ9f.iVXlS","email":"joacolaprovitera@gmail.com","expire":1697387679339},"valueType":"Object"},"email":{"kind":"required","message":"Path `email` is required.","name":"ValidatorError","path":"email","properties":{"message":"Path `email` is required.","path":"email","type":"required"}},"expire":{"kind":"required","message":"Path `expire` is required.","name":"ValidatorError","path":"expire","properties":{"message":"Path `expire` is required.","path":"expire","type":"required"}}},"message":"recover-codes validation failed: code: Cast to string failed for value \"{\n  code: '$2b$10$I7T/9csl/1.aVTFZVj5Ai.HH0Ksu4M1YqJXQZ/Ie9CnXJ9f.iVXlS',\n  expire: 1697387679339,\n  email: 'joacolaprovitera@gmail.com'\n}\" (type Object) at path \"code\", expire: Path `expire` is required., email: Path `email` is required.","name":"ValidationError"},"errorMsg":"recover-codes validation failed: code: Cast to string failed for value \"{\n  code: '$2b$10$I7T/9csl/1.aVTFZVj5Ai.HH0Ksu4M1YqJXQZ/Ie9CnXJ9f.iVXlS',\n  expire: 1697387679339,\n  email: 'joacolaprovitera@gmail.com'\n}\" (type Object) at path \"code\", expire: Path `expire` is required., email: Path `email` is required."}}[39m
[31m{"level":"error","message":{"error":{"_message":"recover-codes validation failed","errors":{"code":{"kind":"string","message":"Cast to string failed for value \"{\n  code: '$2b$10$I7T/9csl/1.aVTFZVj5Ai.HH0Ksu4M1YqJXQZ/Ie9CnXJ9f.iVXlS',\n  expire: 1697387679339,\n  email: 'joacolaprovitera@gmail.com'\n}\" (type Object) at path \"code\"","name":"CastError","path":"code","reason":null,"stringValue":"\"{\n  code: '$2b$10$I7T/9csl/1.aVTFZVj5Ai.HH0Ksu4M1YqJXQZ/Ie9CnXJ9f.iVXlS',\n  expire: 1697387679339,\n  email: 'joacolaprovitera@gmail.com'\n}\"","value":{"code":"$2b$10$I7T/9csl/1.aVTFZVj5Ai.HH0Ksu4M1YqJXQZ/Ie9CnXJ9f.iVXlS","email":"joacolaprovitera@gmail.com","expire":1697387679339},"valueType":"Object"},"email":{"kind":"required","message":"Path `email` is required.","name":"ValidatorError","path":"email","properties":{"message":"Path `email` is required.","path":"email","type":"required"}},"expire":{"kind":"required","message":"Path `expire` is required.","name":"ValidatorError","path":"expire","properties":{"message":"Path `expire` is required.","path":"expire","type":"required"}}},"message":"recover-codes validation failed: code: Cast to string failed for value \"{\n  code: '$2b$10$I7T/9csl/1.aVTFZVj5Ai.HH0Ksu4M1YqJXQZ/Ie9CnXJ9f.iVXlS',\n  expire: 1697387679339,\n  email: 'joacolaprovitera@gmail.com'\n}\" (type Object) at path \"code\", expire: Path `expire` is required., email: Path `email` is required.","name":"ValidationError"},"errorMsg":"recover-codes validation failed: code: Cast to string failed for value \"{\n  code: '$2b$10$I7T/9csl/1.aVTFZVj5Ai.HH0Ksu4M1YqJXQZ/Ie9CnXJ9f.iVXlS',\n  expire: 1697387679339,\n  email: 'joacolaprovitera@gmail.com'\n}\" (type Object) at path \"code\", expire: Path `expire` is required., email: Path `email` is required."},"timestamp":"2023-10-15T15:34:39.423Z"}[39m
[33m{"level":"warn","message":"User not found with email admin@gmail.com"}[39m
[33m{"level":"warn","message":"Invalid password"}[39m
[31m{"level":"error","message":{"error":{"_message":"recover-codes validation failed","errors":{"code":{"kind":"string","message":"Cast to string failed for value \"{\n  code: '$2b$10$dddv1H.Yl1mCXi4O.bSJOe5kdu83i1aAGn6u9kB2siL5NcfOo3G9S',\n  expire: 1697388168712,\n  email: 'tatianaivilla@gmail.com'\n}\" (type Object) at path \"code\"","name":"CastError","path":"code","reason":null,"stringValue":"\"{\n  code: '$2b$10$dddv1H.Yl1mCXi4O.bSJOe5kdu83i1aAGn6u9kB2siL5NcfOo3G9S',\n  expire: 1697388168712,\n  email: 'tatianaivilla@gmail.com'\n}\"","value":{"code":"$2b$10$dddv1H.Yl1mCXi4O.bSJOe5kdu83i1aAGn6u9kB2siL5NcfOo3G9S","email":"tatianaivilla@gmail.com","expire":1697388168712},"valueType":"Object"},"email":{"kind":"required","message":"Path `email` is required.","name":"ValidatorError","path":"email","properties":{"message":"Path `email` is required.","path":"email","type":"required"}},"expire":{"kind":"required","message":"Path `expire` is required.","name":"ValidatorError","path":"expire","properties":{"message":"Path `expire` is required.","path":"expire","type":"required"}}},"message":"recover-codes validation failed: code: Cast to string failed for value \"{\n  code: '$2b$10$dddv1H.Yl1mCXi4O.bSJOe5kdu83i1aAGn6u9kB2siL5NcfOo3G9S',\n  expire: 1697388168712,\n  email: 'tatianaivilla@gmail.com'\n}\" (type Object) at path \"code\", expire: Path `expire` is required., email: Path `email` is required.","name":"ValidationError"},"errorMsg":"recover-codes validation failed: code: Cast to string failed for value \"{\n  code: '$2b$10$dddv1H.Yl1mCXi4O.bSJOe5kdu83i1aAGn6u9kB2siL5NcfOo3G9S',\n  expire: 1697388168712,\n  email: 'tatianaivilla@gmail.com'\n}\" (type Object) at path \"code\", expire: Path `expire` is required., email: Path `email` is required."}}[39m
[31m{"level":"error","message":{"error":{"_message":"recover-codes validation failed","errors":{"code":{"kind":"string","message":"Cast to string failed for value \"{\n  code: '$2b$10$dddv1H.Yl1mCXi4O.bSJOe5kdu83i1aAGn6u9kB2siL5NcfOo3G9S',\n  expire: 1697388168712,\n  email: 'tatianaivilla@gmail.com'\n}\" (type Object) at path \"code\"","name":"CastError","path":"code","reason":null,"stringValue":"\"{\n  code: '$2b$10$dddv1H.Yl1mCXi4O.bSJOe5kdu83i1aAGn6u9kB2siL5NcfOo3G9S',\n  expire: 1697388168712,\n  email: 'tatianaivilla@gmail.com'\n}\"","value":{"code":"$2b$10$dddv1H.Yl1mCXi4O.bSJOe5kdu83i1aAGn6u9kB2siL5NcfOo3G9S","email":"tatianaivilla@gmail.com","expire":1697388168712},"valueType":"Object"},"email":{"kind":"required","message":"Path `email` is required.","name":"ValidatorError","path":"email","properties":{"message":"Path `email` is required.","path":"email","type":"required"}},"expire":{"kind":"required","message":"Path `expire` is required.","name":"ValidatorError","path":"expire","properties":{"message":"Path `expire` is required.","path":"expire","type":"required"}}},"message":"recover-codes validation failed: code: Cast to string failed for value \"{\n  code: '$2b$10$dddv1H.Yl1mCXi4O.bSJOe5kdu83i1aAGn6u9kB2siL5NcfOo3G9S',\n  expire: 1697388168712,\n  email: 'tatianaivilla@gmail.com'\n}\" (type Object) at path \"code\", expire: Path `expire` is required., email: Path `email` is required.","name":"ValidationError"},"errorMsg":"recover-codes validation failed: code: Cast to string failed for value \"{\n  code: '$2b$10$dddv1H.Yl1mCXi4O.bSJOe5kdu83i1aAGn6u9kB2siL5NcfOo3G9S',\n  expire: 1697388168712,\n  email: 'tatianaivilla@gmail.com'\n}\" (type Object) at path \"code\", expire: Path `expire` is required., email: Path `email` is required."},"timestamp":"2023-10-15T15:42:48.783Z"}[39m
[31m{"level":"error","message":{"error":{"_message":"recover-codes validation failed","errors":{"code":{"kind":"string","message":"Cast to string failed for value \"{\n  code: '$2b$10$YwFBmvv9rl.H2n7jUT3tb.SLcB4GyOLZDAqn1kE43EvGs1HtCa37i',\n  expire: 1697388528485,\n  email: 'tatianaivilla@gmail.com'\n}\" (type Object) at path \"code\"","name":"CastError","path":"code","reason":null,"stringValue":"\"{\n  code: '$2b$10$YwFBmvv9rl.H2n7jUT3tb.SLcB4GyOLZDAqn1kE43EvGs1HtCa37i',\n  expire: 1697388528485,\n  email: 'tatianaivilla@gmail.com'\n}\"","value":{"code":"$2b$10$YwFBmvv9rl.H2n7jUT3tb.SLcB4GyOLZDAqn1kE43EvGs1HtCa37i","email":"tatianaivilla@gmail.com","expire":1697388528485},"valueType":"Object"},"email":{"kind":"required","message":"Path `email` is required.","name":"ValidatorError","path":"email","properties":{"message":"Path `email` is required.","path":"email","type":"required"}},"expire":{"kind":"required","message":"Path `expire` is required.","name":"ValidatorError","path":"expire","properties":{"message":"Path `expire` is required.","path":"expire","type":"required"}}},"message":"recover-codes validation failed: code: Cast to string failed for value \"{\n  code: '$2b$10$YwFBmvv9rl.H2n7jUT3tb.SLcB4GyOLZDAqn1kE43EvGs1HtCa37i',\n  expire: 1697388528485,\n  email: 'tatianaivilla@gmail.com'\n}\" (type Object) at path \"code\", expire: Path `expire` is required., email: Path `email` is required.","name":"ValidationError"},"errorMsg":"recover-codes validation failed: code: Cast to string failed for value \"{\n  code: '$2b$10$YwFBmvv9rl.H2n7jUT3tb.SLcB4GyOLZDAqn1kE43EvGs1HtCa37i',\n  expire: 1697388528485,\n  email: 'tatianaivilla@gmail.com'\n}\" (type Object) at path \"code\", expire: Path `expire` is required., email: Path `email` is required."}}[39m
[31m{"level":"error","message":{"error":{"_message":"recover-codes validation failed","errors":{"code":{"kind":"string","message":"Cast to string failed for value \"{\n  code: '$2b$10$YwFBmvv9rl.H2n7jUT3tb.SLcB4GyOLZDAqn1kE43EvGs1HtCa37i',\n  expire: 1697388528485,\n  email: 'tatianaivilla@gmail.com'\n}\" (type Object) at path \"code\"","name":"CastError","path":"code","reason":null,"stringValue":"\"{\n  code: '$2b$10$YwFBmvv9rl.H2n7jUT3tb.SLcB4GyOLZDAqn1kE43EvGs1HtCa37i',\n  expire: 1697388528485,\n  email: 'tatianaivilla@gmail.com'\n}\"","value":{"code":"$2b$10$YwFBmvv9rl.H2n7jUT3tb.SLcB4GyOLZDAqn1kE43EvGs1HtCa37i","email":"tatianaivilla@gmail.com","expire":1697388528485},"valueType":"Object"},"email":{"kind":"required","message":"Path `email` is required.","name":"ValidatorError","path":"email","properties":{"message":"Path `email` is required.","path":"email","type":"required"}},"expire":{"kind":"required","message":"Path `expire` is required.","name":"ValidatorError","path":"expire","properties":{"message":"Path `expire` is required.","path":"expire","type":"required"}}},"message":"recover-codes validation failed: code: Cast to string failed for value \"{\n  code: '$2b$10$YwFBmvv9rl.H2n7jUT3tb.SLcB4GyOLZDAqn1kE43EvGs1HtCa37i',\n  expire: 1697388528485,\n  email: 'tatianaivilla@gmail.com'\n}\" (type Object) at path \"code\", expire: Path `expire` is required., email: Path `email` is required.","name":"ValidationError"},"errorMsg":"recover-codes validation failed: code: Cast to string failed for value \"{\n  code: '$2b$10$YwFBmvv9rl.H2n7jUT3tb.SLcB4GyOLZDAqn1kE43EvGs1HtCa37i',\n  expire: 1697388528485,\n  email: 'tatianaivilla@gmail.com'\n}\" (type Object) at path \"code\", expire: Path `expire` is required., email: Path `email` is required."},"timestamp":"2023-10-15T15:48:48.568Z"}[39m
[31m{"level":"error","message":{"error":{"_message":"recover-codes validation failed","errors":{"code":{"kind":"string","message":"Cast to string failed for value \"{\n  code: '$2b$10$kIX99f8zKuA2GI/amfLgDuLJTB8Nz2PP6sp1hD6hwiQxkNZPCsBXK',\n  expire: 1697388531513,\n  email: 'tatianaivilla@gmail.com'\n}\" (type Object) at path \"code\"","name":"CastError","path":"code","reason":null,"stringValue":"\"{\n  code: '$2b$10$kIX99f8zKuA2GI/amfLgDuLJTB8Nz2PP6sp1hD6hwiQxkNZPCsBXK',\n  expire: 1697388531513,\n  email: 'tatianaivilla@gmail.com'\n}\"","value":{"code":"$2b$10$kIX99f8zKuA2GI/amfLgDuLJTB8Nz2PP6sp1hD6hwiQxkNZPCsBXK","email":"tatianaivilla@gmail.com","expire":1697388531513},"valueType":"Object"},"email":{"kind":"required","message":"Path `email` is required.","name":"ValidatorError","path":"email","properties":{"message":"Path `email` is required.","path":"email","type":"required"}},"expire":{"kind":"required","message":"Path `expire` is required.","name":"ValidatorError","path":"expire","properties":{"message":"Path `expire` is required.","path":"expire","type":"required"}}},"message":"recover-codes validation failed: code: Cast to string failed for value \"{\n  code: '$2b$10$kIX99f8zKuA2GI/amfLgDuLJTB8Nz2PP6sp1hD6hwiQxkNZPCsBXK',\n  expire: 1697388531513,\n  email: 'tatianaivilla@gmail.com'\n}\" (type Object) at path \"code\", expire: Path `expire` is required., email: Path `email` is required.","name":"ValidationError"},"errorMsg":"recover-codes validation failed: code: Cast to string failed for value \"{\n  code: '$2b$10$kIX99f8zKuA2GI/amfLgDuLJTB8Nz2PP6sp1hD6hwiQxkNZPCsBXK',\n  expire: 1697388531513,\n  email: 'tatianaivilla@gmail.com'\n}\" (type Object) at path \"code\", expire: Path `expire` is required., email: Path `email` is required."}}[39m
[31m{"level":"error","message":{"error":{"_message":"recover-codes validation failed","errors":{"code":{"kind":"string","message":"Cast to string failed for value \"{\n  code: '$2b$10$kIX99f8zKuA2GI/amfLgDuLJTB8Nz2PP6sp1hD6hwiQxkNZPCsBXK',\n  expire: 1697388531513,\n  email: 'tatianaivilla@gmail.com'\n}\" (type Object) at path \"code\"","name":"CastError","path":"code","reason":null,"stringValue":"\"{\n  code: '$2b$10$kIX99f8zKuA2GI/amfLgDuLJTB8Nz2PP6sp1hD6hwiQxkNZPCsBXK',\n  expire: 1697388531513,\n  email: 'tatianaivilla@gmail.com'\n}\"","value":{"code":"$2b$10$kIX99f8zKuA2GI/amfLgDuLJTB8Nz2PP6sp1hD6hwiQxkNZPCsBXK","email":"tatianaivilla@gmail.com","expire":1697388531513},"valueType":"Object"},"email":{"kind":"required","message":"Path `email` is required.","name":"ValidatorError","path":"email","properties":{"message":"Path `email` is required.","path":"email","type":"required"}},"expire":{"kind":"required","message":"Path `expire` is required.","name":"ValidatorError","path":"expire","properties":{"message":"Path `expire` is required.","path":"expire","type":"required"}}},"message":"recover-codes validation failed: code: Cast to string failed for value \"{\n  code: '$2b$10$kIX99f8zKuA2GI/amfLgDuLJTB8Nz2PP6sp1hD6hwiQxkNZPCsBXK',\n  expire: 1697388531513,\n  email: 'tatianaivilla@gmail.com'\n}\" (type Object) at path \"code\", expire: Path `expire` is required., email: Path `email` is required.","name":"ValidationError"},"errorMsg":"recover-codes validation failed: code: Cast to string failed for value \"{\n  code: '$2b$10$kIX99f8zKuA2GI/amfLgDuLJTB8Nz2PP6sp1hD6hwiQxkNZPCsBXK',\n  expire: 1697388531513,\n  email: 'tatianaivilla@gmail.com'\n}\" (type Object) at path \"code\", expire: Path `expire` is required., email: Path `email` is required."},"timestamp":"2023-10-15T15:48:51.588Z"}[39m
[31m{"level":"error","message":{"error":{"_message":"recover-codes validation failed","errors":{"code":{"kind":"string","message":"Cast to string failed for value \"{\n  code: '$2b$10$lMO123PWXnJIRZN3NxmAjOmc7oQKaXCjVfhi3dOKr5wVTA7MfBofu',\n  expire: 1697388598612,\n  email: 'tatianaivilla@gmail.com'\n}\" (type Object) at path \"code\"","name":"CastError","path":"code","reason":null,"stringValue":"\"{\n  code: '$2b$10$lMO123PWXnJIRZN3NxmAjOmc7oQKaXCjVfhi3dOKr5wVTA7MfBofu',\n  expire: 1697388598612,\n  email: 'tatianaivilla@gmail.com'\n}\"","value":{"code":"$2b$10$lMO123PWXnJIRZN3NxmAjOmc7oQKaXCjVfhi3dOKr5wVTA7MfBofu","email":"tatianaivilla@gmail.com","expire":1697388598612},"valueType":"Object"},"email":{"kind":"required","message":"Path `email` is required.","name":"ValidatorError","path":"email","properties":{"message":"Path `email` is required.","path":"email","type":"required"}},"expire":{"kind":"required","message":"Path `expire` is required.","name":"ValidatorError","path":"expire","properties":{"message":"Path `expire` is required.","path":"expire","type":"required"}}},"message":"recover-codes validation failed: code: Cast to string failed for value \"{\n  code: '$2b$10$lMO123PWXnJIRZN3NxmAjOmc7oQKaXCjVfhi3dOKr5wVTA7MfBofu',\n  expire: 1697388598612,\n  email: 'tatianaivilla@gmail.com'\n}\" (type Object) at path \"code\", expire: Path `expire` is required., email: Path `email` is required.","name":"ValidationError"},"errorMsg":"recover-codes validation failed: code: Cast to string failed for value \"{\n  code: '$2b$10$lMO123PWXnJIRZN3NxmAjOmc7oQKaXCjVfhi3dOKr5wVTA7MfBofu',\n  expire: 1697388598612,\n  email: 'tatianaivilla@gmail.com'\n}\" (type Object) at path \"code\", expire: Path `expire` is required., email: Path `email` is required."}}[39m
[31m{"level":"error","message":{"error":{"_message":"recover-codes validation failed","errors":{"code":{"kind":"string","message":"Cast to string failed for value \"{\n  code: '$2b$10$lMO123PWXnJIRZN3NxmAjOmc7oQKaXCjVfhi3dOKr5wVTA7MfBofu',\n  expire: 1697388598612,\n  email: 'tatianaivilla@gmail.com'\n}\" (type Object) at path \"code\"","name":"CastError","path":"code","reason":null,"stringValue":"\"{\n  code: '$2b$10$lMO123PWXnJIRZN3NxmAjOmc7oQKaXCjVfhi3dOKr5wVTA7MfBofu',\n  expire: 1697388598612,\n  email: 'tatianaivilla@gmail.com'\n}\"","value":{"code":"$2b$10$lMO123PWXnJIRZN3NxmAjOmc7oQKaXCjVfhi3dOKr5wVTA7MfBofu","email":"tatianaivilla@gmail.com","expire":1697388598612},"valueType":"Object"},"email":{"kind":"required","message":"Path `email` is required.","name":"ValidatorError","path":"email","properties":{"message":"Path `email` is required.","path":"email","type":"required"}},"expire":{"kind":"required","message":"Path `expire` is required.","name":"ValidatorError","path":"expire","properties":{"message":"Path `expire` is required.","path":"expire","type":"required"}}},"message":"recover-codes validation failed: code: Cast to string failed for value \"{\n  code: '$2b$10$lMO123PWXnJIRZN3NxmAjOmc7oQKaXCjVfhi3dOKr5wVTA7MfBofu',\n  expire: 1697388598612,\n  email: 'tatianaivilla@gmail.com'\n}\" (type Object) at path \"code\", expire: Path `expire` is required., email: Path `email` is required.","name":"ValidationError"},"errorMsg":"recover-codes validation failed: code: Cast to string failed for value \"{\n  code: '$2b$10$lMO123PWXnJIRZN3NxmAjOmc7oQKaXCjVfhi3dOKr5wVTA7MfBofu',\n  expire: 1697388598612,\n  email: 'tatianaivilla@gmail.com'\n}\" (type Object) at path \"code\", expire: Path `expire` is required., email: Path `email` is required."},"timestamp":"2023-10-15T15:49:58.682Z"}[39m
[31m{"level":"error","message":{"error":{"_message":"recover-codes validation failed","errors":{"code":{"kind":"string","message":"Cast to string failed for value \"{\n  email: 'tatianaivilla@gmail.com',\n  code: '$2b$10$jIRMPsqANYvhhuj4V90f9ejiMH8MYlpJ6ZzrgRclSDQq9feYiBU7i',\n  expire: 1697388676942\n}\" (type Object) at path \"code\"","name":"CastError","path":"code","reason":null,"stringValue":"\"{\n  email: 'tatianaivilla@gmail.com',\n  code: '$2b$10$jIRMPsqANYvhhuj4V90f9ejiMH8MYlpJ6ZzrgRclSDQq9feYiBU7i',\n  expire: 1697388676942\n}\"","value":{"code":"$2b$10$jIRMPsqANYvhhuj4V90f9ejiMH8MYlpJ6ZzrgRclSDQq9feYiBU7i","email":"tatianaivilla@gmail.com","expire":1697388676942},"valueType":"Object"},"email":{"kind":"required","message":"Path `email` is required.","name":"ValidatorError","path":"email","properties":{"message":"Path `email` is required.","path":"email","type":"required"}},"expire":{"kind":"required","message":"Path `expire` is required.","name":"ValidatorError","path":"expire","properties":{"message":"Path `expire` is required.","path":"expire","type":"required"}}},"message":"recover-codes validation failed: code: Cast to string failed for value \"{\n  email: 'tatianaivilla@gmail.com',\n  code: '$2b$10$jIRMPsqANYvhhuj4V90f9ejiMH8MYlpJ6ZzrgRclSDQq9feYiBU7i',\n  expire: 1697388676942\n}\" (type Object) at path \"code\", expire: Path `expire` is required., email: Path `email` is required.","name":"ValidationError"},"errorMsg":"recover-codes validation failed: code: Cast to string failed for value \"{\n  email: 'tatianaivilla@gmail.com',\n  code: '$2b$10$jIRMPsqANYvhhuj4V90f9ejiMH8MYlpJ6ZzrgRclSDQq9feYiBU7i',\n  expire: 1697388676942\n}\" (type Object) at path \"code\", expire: Path `expire` is required., email: Path `email` is required."}}[39m
[31m{"level":"error","message":{"error":{"_message":"recover-codes validation failed","errors":{"code":{"kind":"string","message":"Cast to string failed for value \"{\n  email: 'tatianaivilla@gmail.com',\n  code: '$2b$10$jIRMPsqANYvhhuj4V90f9ejiMH8MYlpJ6ZzrgRclSDQq9feYiBU7i',\n  expire: 1697388676942\n}\" (type Object) at path \"code\"","name":"CastError","path":"code","reason":null,"stringValue":"\"{\n  email: 'tatianaivilla@gmail.com',\n  code: '$2b$10$jIRMPsqANYvhhuj4V90f9ejiMH8MYlpJ6ZzrgRclSDQq9feYiBU7i',\n  expire: 1697388676942\n}\"","value":{"code":"$2b$10$jIRMPsqANYvhhuj4V90f9ejiMH8MYlpJ6ZzrgRclSDQq9feYiBU7i","email":"tatianaivilla@gmail.com","expire":1697388676942},"valueType":"Object"},"email":{"kind":"required","message":"Path `email` is required.","name":"ValidatorError","path":"email","properties":{"message":"Path `email` is required.","path":"email","type":"required"}},"expire":{"kind":"required","message":"Path `expire` is required.","name":"ValidatorError","path":"expire","properties":{"message":"Path `expire` is required.","path":"expire","type":"required"}}},"message":"recover-codes validation failed: code: Cast to string failed for value \"{\n  email: 'tatianaivilla@gmail.com',\n  code: '$2b$10$jIRMPsqANYvhhuj4V90f9ejiMH8MYlpJ6ZzrgRclSDQq9feYiBU7i',\n  expire: 1697388676942\n}\" (type Object) at path \"code\", expire: Path `expire` is required., email: Path `email` is required.","name":"ValidationError"},"errorMsg":"recover-codes validation failed: code: Cast to string failed for value \"{\n  email: 'tatianaivilla@gmail.com',\n  code: '$2b$10$jIRMPsqANYvhhuj4V90f9ejiMH8MYlpJ6ZzrgRclSDQq9feYiBU7i',\n  expire: 1697388676942\n}\" (type Object) at path \"code\", expire: Path `expire` is required., email: Path `email` is required."},"timestamp":"2023-10-15T15:51:17.026Z"}[39m
[31m{"level":"error","message":{"error":{"_message":"recover-codes validation failed","errors":{"code":{"kind":"string","message":"Cast to string failed for value \"{\n  email: 'tatianaivilla@gmail.com',\n  code: '$2b$10$LrWIRqL0LDWvAvxfB2JzFuLT2f8vlpS26SC37lTX4bLADhUpkaXAm',\n  expire: 1697388790424\n}\" (type Object) at path \"code\"","name":"CastError","path":"code","reason":null,"stringValue":"\"{\n  email: 'tatianaivilla@gmail.com',\n  code: '$2b$10$LrWIRqL0LDWvAvxfB2JzFuLT2f8vlpS26SC37lTX4bLADhUpkaXAm',\n  expire: 1697388790424\n}\"","value":{"code":"$2b$10$LrWIRqL0LDWvAvxfB2JzFuLT2f8vlpS26SC37lTX4bLADhUpkaXAm","email":"tatianaivilla@gmail.com","expire":1697388790424},"valueType":"Object"},"email":{"kind":"required","message":"Path `email` is required.","name":"ValidatorError","path":"email","properties":{"message":"Path `email` is required.","path":"email","type":"required"}},"expire":{"kind":"required","message":"Path `expire` is required.","name":"ValidatorError","path":"expire","properties":{"message":"Path `expire` is required.","path":"expire","type":"required"}}},"message":"recover-codes validation failed: code: Cast to string failed for value \"{\n  email: 'tatianaivilla@gmail.com',\n  code: '$2b$10$LrWIRqL0LDWvAvxfB2JzFuLT2f8vlpS26SC37lTX4bLADhUpkaXAm',\n  expire: 1697388790424\n}\" (type Object) at path \"code\", expire: Path `expire` is required., email: Path `email` is required.","name":"ValidationError"},"errorMsg":"recover-codes validation failed: code: Cast to string failed for value \"{\n  email: 'tatianaivilla@gmail.com',\n  code: '$2b$10$LrWIRqL0LDWvAvxfB2JzFuLT2f8vlpS26SC37lTX4bLADhUpkaXAm',\n  expire: 1697388790424\n}\" (type Object) at path \"code\", expire: Path `expire` is required., email: Path `email` is required."}}[39m
[31m{"level":"error","message":{"error":{"_message":"recover-codes validation failed","errors":{"code":{"kind":"string","message":"Cast to string failed for value \"{\n  email: 'tatianaivilla@gmail.com',\n  code: '$2b$10$LrWIRqL0LDWvAvxfB2JzFuLT2f8vlpS26SC37lTX4bLADhUpkaXAm',\n  expire: 1697388790424\n}\" (type Object) at path \"code\"","name":"CastError","path":"code","reason":null,"stringValue":"\"{\n  email: 'tatianaivilla@gmail.com',\n  code: '$2b$10$LrWIRqL0LDWvAvxfB2JzFuLT2f8vlpS26SC37lTX4bLADhUpkaXAm',\n  expire: 1697388790424\n}\"","value":{"code":"$2b$10$LrWIRqL0LDWvAvxfB2JzFuLT2f8vlpS26SC37lTX4bLADhUpkaXAm","email":"tatianaivilla@gmail.com","expire":1697388790424},"valueType":"Object"},"email":{"kind":"required","message":"Path `email` is required.","name":"ValidatorError","path":"email","properties":{"message":"Path `email` is required.","path":"email","type":"required"}},"expire":{"kind":"required","message":"Path `expire` is required.","name":"ValidatorError","path":"expire","properties":{"message":"Path `expire` is required.","path":"expire","type":"required"}}},"message":"recover-codes validation failed: code: Cast to string failed for value \"{\n  email: 'tatianaivilla@gmail.com',\n  code: '$2b$10$LrWIRqL0LDWvAvxfB2JzFuLT2f8vlpS26SC37lTX4bLADhUpkaXAm',\n  expire: 1697388790424\n}\" (type Object) at path \"code\", expire: Path `expire` is required., email: Path `email` is required.","name":"ValidationError"},"errorMsg":"recover-codes validation failed: code: Cast to string failed for value \"{\n  email: 'tatianaivilla@gmail.com',\n  code: '$2b$10$LrWIRqL0LDWvAvxfB2JzFuLT2f8vlpS26SC37lTX4bLADhUpkaXAm',\n  expire: 1697388790424\n}\" (type Object) at path \"code\", expire: Path `expire` is required., email: Path `email` is required."},"timestamp":"2023-10-15T15:53:10.505Z"}[39m
[31m{"level":"error","message":{"error":{"_message":"recover-codes validation failed","errors":{"code":{"kind":"string","message":"Cast to string failed for value \"{\n  email: 'tatianaivilla@gmail.com',\n  code: '$2b$10$35f.TeUua9ahXHUWnlN./OOZCjOvAoOlD5Bf7qkizriR4gUtEM.FW',\n  expire: 1697388842174\n}\" (type Object) at path \"code\"","name":"CastError","path":"code","reason":null,"stringValue":"\"{\n  email: 'tatianaivilla@gmail.com',\n  code: '$2b$10$35f.TeUua9ahXHUWnlN./OOZCjOvAoOlD5Bf7qkizriR4gUtEM.FW',\n  expire: 1697388842174\n}\"","value":{"code":"$2b$10$35f.TeUua9ahXHUWnlN./OOZCjOvAoOlD5Bf7qkizriR4gUtEM.FW","email":"tatianaivilla@gmail.com","expire":1697388842174},"valueType":"Object"},"email":{"kind":"required","message":"Path `email` is required.","name":"ValidatorError","path":"email","properties":{"message":"Path `email` is required.","path":"email","type":"required"}},"expire":{"kind":"required","message":"Path `expire` is required.","name":"ValidatorError","path":"expire","properties":{"message":"Path `expire` is required.","path":"expire","type":"required"}}},"message":"recover-codes validation failed: code: Cast to string failed for value \"{\n  email: 'tatianaivilla@gmail.com',\n  code: '$2b$10$35f.TeUua9ahXHUWnlN./OOZCjOvAoOlD5Bf7qkizriR4gUtEM.FW',\n  expire: 1697388842174\n}\" (type Object) at path \"code\", expire: Path `expire` is required., email: Path `email` is required.","name":"ValidationError"},"errorMsg":"recover-codes validation failed: code: Cast to string failed for value \"{\n  email: 'tatianaivilla@gmail.com',\n  code: '$2b$10$35f.TeUua9ahXHUWnlN./OOZCjOvAoOlD5Bf7qkizriR4gUtEM.FW',\n  expire: 1697388842174\n}\" (type Object) at path \"code\", expire: Path `expire` is required., email: Path `email` is required."}}[39m
[31m{"level":"error","message":{"error":{"_message":"recover-codes validation failed","errors":{"code":{"kind":"string","message":"Cast to string failed for value \"{\n  email: 'tatianaivilla@gmail.com',\n  code: '$2b$10$35f.TeUua9ahXHUWnlN./OOZCjOvAoOlD5Bf7qkizriR4gUtEM.FW',\n  expire: 1697388842174\n}\" (type Object) at path \"code\"","name":"CastError","path":"code","reason":null,"stringValue":"\"{\n  email: 'tatianaivilla@gmail.com',\n  code: '$2b$10$35f.TeUua9ahXHUWnlN./OOZCjOvAoOlD5Bf7qkizriR4gUtEM.FW',\n  expire: 1697388842174\n}\"","value":{"code":"$2b$10$35f.TeUua9ahXHUWnlN./OOZCjOvAoOlD5Bf7qkizriR4gUtEM.FW","email":"tatianaivilla@gmail.com","expire":1697388842174},"valueType":"Object"},"email":{"kind":"required","message":"Path `email` is required.","name":"ValidatorError","path":"email","properties":{"message":"Path `email` is required.","path":"email","type":"required"}},"expire":{"kind":"required","message":"Path `expire` is required.","name":"ValidatorError","path":"expire","properties":{"message":"Path `expire` is required.","path":"expire","type":"required"}}},"message":"recover-codes validation failed: code: Cast to string failed for value \"{\n  email: 'tatianaivilla@gmail.com',\n  code: '$2b$10$35f.TeUua9ahXHUWnlN./OOZCjOvAoOlD5Bf7qkizriR4gUtEM.FW',\n  expire: 1697388842174\n}\" (type Object) at path \"code\", expire: Path `expire` is required., email: Path `email` is required.","name":"ValidationError"},"errorMsg":"recover-codes validation failed: code: Cast to string failed for value \"{\n  email: 'tatianaivilla@gmail.com',\n  code: '$2b$10$35f.TeUua9ahXHUWnlN./OOZCjOvAoOlD5Bf7qkizriR4gUtEM.FW',\n  expire: 1697388842174\n}\" (type Object) at path \"code\", expire: Path `expire` is required., email: Path `email` is required."},"timestamp":"2023-10-15T15:54:02.257Z"}[39m
[31m{"level":"error","message":{"error":{},"errorMsg":"data and hash arguments required"}}[39m
[31m{"level":"error","message":{"error":{},"errorMsg":"data and hash arguments required"},"timestamp":"2023-10-15T16:24:27.463Z"}[39m
